# JRE version: OpenJDK Runtime Environment Temurin-21.0.1+12 (21.0.1+12) (build 21.0.1+12-LTS)
# Java VM: OpenJDK 64-Bit Server VM Temurin-21.0.1+12 (21.0.1+12-LTS, mixed mode, sharing, tiered, compressed oops, compressed class ptrs, g1 gc, windows-amd64)
GC Precious Log:
 CardTable entry size: 512
 Card Set container configuration: InlinePtr #cards 4 size 8 Array Of Cards #cards 16 size 48 Howl #buckets 8 coarsen threshold 3686 Howl Bitmap #cards 512 size 80 coarsen threshold 460 Card regions per heap region 1 cards per card region 4096
 CPUs: 8 total, 8 available
 Memory: 15914M
 Large Page Support: Disabled
 NUMA Support: Disabled
 Compressed Oops: Enabled (Zero based)
 Heap Region Size: 2M
 Heap Min Capacity: 512M
 Heap Initial Capacity: 512M
 Heap Max Capacity: 4072M
 Pre-touch: Disabled
 Parallel Workers: 4
 Concurrent Workers: 1
 Concurrent Refinement Workers: 4
 Periodic GC: Disabled
 String Deduplication is enabled
Heap:
 garbage-first heap   total 524288K, used 165648K [0x0000000701800000, 0x0000000800000000)
  region size 2048K, 40 young (81920K), 5 survivors (10240K)
 Metaspace       used 57820K, committed 58240K, reserved 1114112K
  class space    used 7602K, committed 7808K, reserved 1048576K
GC Heap History (14 events):
Event: 1.827 GC heap before
{Heap before GC invocations=0 (full 0):
 garbage-first heap   total 524288K, used 81920K [0x0000000701800000, 0x0000000800000000)
  region size 2048K, 40 young (81920K), 0 survivors (0K)
 Metaspace       used 11664K, committed 11840K, reserved 1114112K
  class space    used 1126K, committed 1216K, reserved 1048576K
}
Event: 1.858 GC heap after
{Heap after GC invocations=1 (full 0):
 garbage-first heap   total 524288K, used 20736K [0x0000000701800000, 0x0000000800000000)
  region size 2048K, 5 young (10240K), 5 survivors (10240K)
 Metaspace       used 11664K, committed 11840K, reserved 1114112K
  class space    used 1126K, committed 1216K, reserved 1048576K
}
Event: 3.988 GC heap before
{Heap before GC invocations=1 (full 0):
 garbage-first heap   total 524288K, used 82176K [0x0000000701800000, 0x0000000800000000)
  region size 2048K, 34 young (69632K), 5 survivors (10240K)
 Metaspace       used 21351K, committed 21504K, reserved 1114112K
  class space    used 2158K, committed 2240K, reserved 1048576K
}
Event: 3.993 GC heap after
{Heap after GC invocations=2 (full 0):
 garbage-first heap   total 524288K, used 30719K [0x0000000701800000, 0x0000000800000000)
  region size 2048K, 5 young (10240K), 5 survivors (10240K)
 Metaspace       used 21351K, committed 21504K, reserved 1114112K
  class space    used 2158K, committed 2240K, reserved 1048576K
}
Event: 6.333 GC heap before
{Heap before GC invocations=3 (full 0):
 garbage-first heap   total 524288K, used 118783K [0x0000000701800000, 0x0000000800000000)
  region size 2048K, 26 young (53248K), 5 survivors (10240K)
 Metaspace       used 35810K, committed 36096K, reserved 1114112K
  class space    used 3997K, committed 4096K, reserved 1048576K
}
Event: 6.345 GC heap after
{Heap after GC invocations=4 (full 0):
 garbage-first heap   total 524288K, used 51919K [0x0000000701800000, 0x0000000800000000)
  region size 2048K, 3 young (6144K), 3 survivors (6144K)
 Metaspace       used 35810K, committed 36096K, reserved 1114112K
  class space    used 3997K, committed 4096K, reserved 1048576K
}
Event: 6.381 GC heap before
{Heap before GC invocations=4 (full 0):
 garbage-first heap   total 524288K, used 51919K [0x0000000701800000, 0x0000000800000000)
  region size 2048K, 4 young (8192K), 3 survivors (6144K)
 Metaspace       used 36160K, committed 36416K, reserved 1114112K
  class space    used 4074K, committed 4160K, reserved 1048576K
}
Event: 6.388 GC heap after
{Heap after GC invocations=5 (full 0):
 garbage-first heap   total 524288K, used 52919K [0x0000000701800000, 0x0000000800000000)
  region size 2048K, 3 young (6144K), 3 survivors (6144K)
 Metaspace       used 36160K, committed 36416K, reserved 1114112K
  class space    used 4074K, committed 4160K, reserved 1048576K
}
Event: 6.432 GC heap before
{Heap before GC invocations=5 (full 0):
 garbage-first heap   total 524288K, used 52919K [0x0000000701800000, 0x0000000800000000)
  region size 2048K, 4 young (8192K), 3 survivors (6144K)
 Metaspace       used 36465K, committed 36736K, reserved 1114112K
  class space    used 4162K, committed 4288K, reserved 1048576K
}
Event: 6.436 GC heap after
{Heap after GC invocations=6 (full 0):
 garbage-first heap   total 524288K, used 53429K [0x0000000701800000, 0x0000000800000000)
  region size 2048K, 1 young (2048K), 1 survivors (2048K)
 Metaspace       used 36465K, committed 36736K, reserved 1114112K
  class space    used 4162K, committed 4288K, reserved 1048576K
}
Event: 11.548 GC heap before
{Heap before GC invocations=7 (full 0):
 garbage-first heap   total 524288K, used 131253K [0x0000000701800000, 0x0000000800000000)
  region size 2048K, 40 young (81920K), 1 survivors (2048K)
 Metaspace       used 47262K, committed 47552K, reserved 1114112K
  class space    used 5926K, committed 6080K, reserved 1048576K
}
Event: 11.559 GC heap after
{Heap after GC invocations=8 (full 0):
 garbage-first heap   total 524288K, used 66104K [0x0000000701800000, 0x0000000800000000)
  region size 2048K, 5 young (10240K), 5 survivors (10240K)
 Metaspace       used 47262K, committed 47552K, reserved 1114112K
  class space    used 5926K, committed 6080K, reserved 1048576K
}
Event: 14.940 GC heap before
{Heap before GC invocations=8 (full 0):
 garbage-first heap   total 524288K, used 135736K [0x0000000701800000, 0x0000000800000000)
  region size 2048K, 40 young (81920K), 5 survivors (10240K)
 Metaspace       used 53430K, committed 53760K, reserved 1114112K
  class space    used 7013K, committed 7168K, reserved 1048576K
}
Event: 14.958 GC heap after
{Heap after GC invocations=9 (full 0):
 garbage-first heap   total 524288K, used 71440K [0x0000000701800000, 0x0000000800000000)
  region size 2048K, 5 young (10240K), 5 survivors (10240K)
 Metaspace       used 53430K, committed 53760K, reserved 1114112K
  class space    used 7013K, committed 7168K, reserved 1048576K
}

