# JRE version: OpenJDK Runtime Environment Temurin-21.0.1+12 (21.0.1+12) (build 21.0.1+12-LTS)
# Java VM: OpenJDK 64-Bit Server VM Temurin-21.0.1+12 (21.0.1+12-LTS, mixed mode, sharing, tiered, compressed oops, compressed class ptrs, g1 gc, windows-amd64)
GC Precious Log:
 CardTable entry size: 512
 Card Set container configuration: InlinePtr #cards 4 size 8 Array Of Cards #cards 16 size 48 Howl #buckets 8 coarsen threshold 3686 Howl Bitmap #cards 512 size 80 coarsen threshold 460 Card regions per heap region 1 cards per card region 4096
 CPUs: 8 total, 8 available
 Memory: 15914M
 Large Page Support: Disabled
 NUMA Support: Disabled
 Compressed Oops: Enabled (Zero based)
 Heap Region Size: 2M
 Heap Min Capacity: 512M
 Heap Initial Capacity: 512M
 Heap Max Capacity: 4072M
 Pre-touch: Disabled
 Parallel Workers: 4
 Concurrent Workers: 1
 Concurrent Refinement Workers: 4
 Periodic GC: Disabled
 String Deduplication is enabled
Heap:
 garbage-first heap   total 524288K, used 112603K [0x0000000701800000, 0x0000000800000000)
  region size 2048K, 6 young (12288K), 5 survivors (10240K)
 Metaspace       used 57746K, committed 58176K, reserved 1114112K
  class space    used 7597K, committed 7808K, reserved 1048576K
GC Heap History (14 events):
Event: 2.136 GC heap before
{Heap before GC invocations=0 (full 0):
 garbage-first heap   total 524288K, used 81920K [0x0000000701800000, 0x0000000800000000)
  region size 2048K, 40 young (81920K), 0 survivors (0K)
 Metaspace       used 11731K, committed 11968K, reserved 1114112K
  class space    used 1129K, committed 1216K, reserved 1048576K
}
Event: 2.152 GC heap after
{Heap after GC invocations=1 (full 0):
 garbage-first heap   total 524288K, used 20992K [0x0000000701800000, 0x0000000800000000)
  region size 2048K, 5 young (10240K), 5 survivors (10240K)
 Metaspace       used 11731K, committed 11968K, reserved 1114112K
  class space    used 1129K, committed 1216K, reserved 1048576K
}
Event: 4.803 GC heap before
{Heap before GC invocations=1 (full 0):
 garbage-first heap   total 524288K, used 84480K [0x0000000701800000, 0x0000000800000000)
  region size 2048K, 35 young (71680K), 5 survivors (10240K)
 Metaspace       used 21312K, committed 21504K, reserved 1114112K
  class space    used 2155K, committed 2240K, reserved 1048576K
}
Event: 4.810 GC heap after
{Heap after GC invocations=2 (full 0):
 garbage-first heap   total 524288K, used 31608K [0x0000000701800000, 0x0000000800000000)
  region size 2048K, 5 young (10240K), 5 survivors (10240K)
 Metaspace       used 21312K, committed 21504K, reserved 1114112K
  class space    used 2155K, committed 2240K, reserved 1048576K
}
Event: 7.260 GC heap before
{Heap before GC invocations=3 (full 0):
 garbage-first heap   total 524288K, used 121720K [0x0000000701800000, 0x0000000800000000)
  region size 2048K, 27 young (55296K), 5 survivors (10240K)
 Metaspace       used 35673K, committed 35968K, reserved 1114112K
  class space    used 3968K, committed 4096K, reserved 1048576K
}
Event: 7.269 GC heap after
{Heap after GC invocations=4 (full 0):
 garbage-first heap   total 524288K, used 53811K [0x0000000701800000, 0x0000000800000000)
  region size 2048K, 3 young (6144K), 3 survivors (6144K)
 Metaspace       used 35673K, committed 35968K, reserved 1114112K
  class space    used 3968K, committed 4096K, reserved 1048576K
}
Event: 7.293 GC heap before
{Heap before GC invocations=4 (full 0):
 garbage-first heap   total 524288K, used 53811K [0x0000000701800000, 0x0000000800000000)
  region size 2048K, 4 young (8192K), 3 survivors (6144K)
 Metaspace       used 36028K, committed 36288K, reserved 1114112K
  class space    used 4046K, committed 4160K, reserved 1048576K
}
Event: 7.298 GC heap after
{Heap after GC invocations=5 (full 0):
 garbage-first heap   total 524288K, used 54534K [0x0000000701800000, 0x0000000800000000)
  region size 2048K, 1 young (2048K), 1 survivors (2048K)
 Metaspace       used 36028K, committed 36288K, reserved 1114112K
  class space    used 4046K, committed 4160K, reserved 1048576K
}
Event: 7.329 GC heap before
{Heap before GC invocations=5 (full 0):
 garbage-first heap   total 524288K, used 54534K [0x0000000701800000, 0x0000000800000000)
  region size 2048K, 2 young (4096K), 1 survivors (2048K)
 Metaspace       used 36396K, committed 36608K, reserved 1114112K
  class space    used 4145K, committed 4224K, reserved 1048576K
}
Event: 7.330 GC heap after
{Heap after GC invocations=6 (full 0):
 garbage-first heap   total 524288K, used 53883K [0x0000000701800000, 0x0000000800000000)
  region size 2048K, 1 young (2048K), 1 survivors (2048K)
 Metaspace       used 36396K, committed 36608K, reserved 1114112K
  class space    used 4145K, committed 4224K, reserved 1048576K
}
Event: 13.321 GC heap before
{Heap before GC invocations=7 (full 0):
 garbage-first heap   total 524288K, used 131707K [0x0000000701800000, 0x0000000800000000)
  region size 2048K, 40 young (81920K), 1 survivors (2048K)
 Metaspace       used 47238K, committed 47552K, reserved 1114112K
  class space    used 5929K, committed 6080K, reserved 1048576K
}
Event: 13.334 GC heap after
{Heap after GC invocations=8 (full 0):
 garbage-first heap   total 524288K, used 66865K [0x0000000701800000, 0x0000000800000000)
  region size 2048K, 5 young (10240K), 5 survivors (10240K)
 Metaspace       used 47238K, committed 47552K, reserved 1114112K
  class space    used 5929K, committed 6080K, reserved 1048576K
}
Event: 16.215 GC heap before
{Heap before GC invocations=8 (full 0):
 garbage-first heap   total 524288K, used 138545K [0x0000000701800000, 0x0000000800000000)
  region size 2048K, 40 young (81920K), 5 survivors (10240K)
 Metaspace       used 53319K, committed 53632K, reserved 1114112K
  class space    used 6983K, committed 7104K, reserved 1048576K
}
Event: 16.228 GC heap after
{Heap after GC invocations=9 (full 0):
 garbage-first heap   total 524288K, used 72372K [0x0000000701800000, 0x0000000800000000)
  region size 2048K, 5 young (10240K), 5 survivors (10240K)
 Metaspace       used 53319K, committed 53632K, reserved 1114112K
  class space    used 6983K, committed 7104K, reserved 1048576K
}

