# JRE version: OpenJDK Runtime Environment Temurin-21.0.1+12 (21.0.1+12) (build 21.0.1+12-LTS)
# Java VM: OpenJDK 64-Bit Server VM Temurin-21.0.1+12 (21.0.1+12-LTS, mixed mode, sharing, tiered, compressed oops, compressed class ptrs, g1 gc, windows-amd64)
GC Precious Log:
 CardTable entry size: 512
 Card Set container configuration: InlinePtr #cards 4 size 8 Array Of Cards #cards 16 size 48 Howl #buckets 8 coarsen threshold 3686 Howl Bitmap #cards 512 size 80 coarsen threshold 460 Card regions per heap region 1 cards per card region 4096
 CPUs: 8 total, 8 available
 Memory: 15914M
 Large Page Support: Disabled
 NUMA Support: Disabled
 Compressed Oops: Enabled (Zero based)
 Heap Region Size: 2M
 Heap Min Capacity: 512M
 Heap Initial Capacity: 512M
 Heap Max Capacity: 4072M
 Pre-touch: Disabled
 Parallel Workers: 4
 Concurrent Workers: 1
 Concurrent Refinement Workers: 4
 Periodic GC: Disabled
 String Deduplication is enabled
Heap:
 garbage-first heap   total 524288K, used 162296K [0x0000000701800000, 0x0000000800000000)
  region size 2048K, 40 young (81920K), 5 survivors (10240K)
 Metaspace       used 57835K, committed 58304K, reserved 1114112K
  class space    used 7598K, committed 7808K, reserved 1048576K
GC Heap History (14 events):
Event: 3.771 GC heap before
{Heap before GC invocations=0 (full 0):
 garbage-first heap   total 524288K, used 81920K [0x0000000701800000, 0x0000000800000000)
  region size 2048K, 40 young (81920K), 0 survivors (0K)
 Metaspace       used 10636K, committed 10880K, reserved 1114112K
  class space    used 974K, committed 1088K, reserved 1048576K
}
Event: 3.797 GC heap after
{Heap after GC invocations=1 (full 0):
 garbage-first heap   total 524288K, used 20992K [0x0000000701800000, 0x0000000800000000)
  region size 2048K, 5 young (10240K), 5 survivors (10240K)
 Metaspace       used 10636K, committed 10880K, reserved 1114112K
  class space    used 974K, committed 1088K, reserved 1048576K
}
Event: 8.226 GC heap before
{Heap before GC invocations=1 (full 0):
 garbage-first heap   total 524288K, used 84480K [0x0000000701800000, 0x0000000800000000)
  region size 2048K, 35 young (71680K), 5 survivors (10240K)
 Metaspace       used 21357K, committed 21504K, reserved 1114112K
  class space    used 2157K, committed 2240K, reserved 1048576K
}
Event: 8.233 GC heap after
{Heap after GC invocations=2 (full 0):
 garbage-first heap   total 524288K, used 30566K [0x0000000701800000, 0x0000000800000000)
  region size 2048K, 5 young (10240K), 5 survivors (10240K)
 Metaspace       used 21357K, committed 21504K, reserved 1114112K
  class space    used 2157K, committed 2240K, reserved 1048576K
}
Event: 12.853 GC heap before
{Heap before GC invocations=3 (full 0):
 garbage-first heap   total 524288K, used 118630K [0x0000000701800000, 0x0000000800000000)
  region size 2048K, 26 young (53248K), 5 survivors (10240K)
 Metaspace       used 35684K, committed 35968K, reserved 1114112K
  class space    used 3970K, committed 4096K, reserved 1048576K
}
Event: 12.865 GC heap after
{Heap after GC invocations=4 (full 0):
 garbage-first heap   total 524288K, used 52210K [0x0000000701800000, 0x0000000800000000)
  region size 2048K, 4 young (8192K), 4 survivors (8192K)
 Metaspace       used 35684K, committed 35968K, reserved 1114112K
  class space    used 3970K, committed 4096K, reserved 1048576K
}
Event: 13.042 GC heap before
{Heap before GC invocations=4 (full 0):
 garbage-first heap   total 524288K, used 52210K [0x0000000701800000, 0x0000000800000000)
  region size 2048K, 5 young (10240K), 4 survivors (8192K)
 Metaspace       used 36049K, committed 36288K, reserved 1114112K
  class space    used 4049K, committed 4160K, reserved 1048576K
}
Event: 13.050 GC heap after
{Heap after GC invocations=5 (full 0):
 garbage-first heap   total 524288K, used 51629K [0x0000000701800000, 0x0000000800000000)
  region size 2048K, 3 young (6144K), 3 survivors (6144K)
 Metaspace       used 36049K, committed 36288K, reserved 1114112K
  class space    used 4049K, committed 4160K, reserved 1048576K
}
Event: 13.258 GC heap before
{Heap before GC invocations=5 (full 0):
 garbage-first heap   total 524288K, used 51629K [0x0000000701800000, 0x0000000800000000)
  region size 2048K, 4 young (8192K), 3 survivors (6144K)
 Metaspace       used 36374K, committed 36608K, reserved 1114112K
  class space    used 4129K, committed 4224K, reserved 1048576K
}
Event: 13.262 GC heap after
{Heap after GC invocations=6 (full 0):
 garbage-first heap   total 524288K, used 51797K [0x0000000701800000, 0x0000000800000000)
  region size 2048K, 3 young (6144K), 3 survivors (6144K)
 Metaspace       used 36374K, committed 36608K, reserved 1114112K
  class space    used 4129K, committed 4224K, reserved 1048576K
}
Event: 21.686 GC heap before
{Heap before GC invocations=7 (full 0):
 garbage-first heap   total 524288K, used 125525K [0x0000000701800000, 0x0000000800000000)
  region size 2048K, 40 young (81920K), 3 survivors (6144K)
 Metaspace       used 47241K, committed 47552K, reserved 1114112K
  class space    used 5928K, committed 6080K, reserved 1048576K
}
Event: 21.700 GC heap after
{Heap after GC invocations=8 (full 0):
 garbage-first heap   total 524288K, used 62761K [0x0000000701800000, 0x0000000800000000)
  region size 2048K, 5 young (10240K), 5 survivors (10240K)
 Metaspace       used 47241K, committed 47552K, reserved 1114112K
  class space    used 5928K, committed 6080K, reserved 1048576K
}
Event: 25.143 GC heap before
{Heap before GC invocations=8 (full 0):
 garbage-first heap   total 524288K, used 132393K [0x0000000701800000, 0x0000000800000000)
  region size 2048K, 40 young (81920K), 5 survivors (10240K)
 Metaspace       used 52166K, committed 52544K, reserved 1114112K
  class space    used 6735K, committed 6912K, reserved 1048576K
}
Event: 25.163 GC heap after
{Heap after GC invocations=9 (full 0):
 garbage-first heap   total 524288K, used 68088K [0x0000000701800000, 0x0000000800000000)
  region size 2048K, 5 young (10240K), 5 survivors (10240K)
 Metaspace       used 52166K, committed 52544K, reserved 1114112K
  class space    used 6735K, committed 6912K, reserved 1048576K
}

